Arguments: 
  C:\Program Files\nodejs\node.exe C:\Program Files\nodejs\node_modules\yarn\bin\yarn.js

PATH: 
  C:\Program Files (x86)\Common Files\Oracle\Java\javapath;C:\WINDOWS\system32;C:\WINDOWS;C:\WINDOWS\System32\Wbem;C:\WINDOWS\System32\WindowsPowerShell\v1.0\;C:\WINDOWS\System32\OpenSSH\;C:\Program Files (x86)\Calibre2\;C:\Program Files\Inkscape\bin;C:\Users\artni\AppData\Roaming\nvm;C:\Program Files\nodejs;C:\Program Files\Git\cmd;C:\Users\artni\AppData\Roaming\npm;C:\Users\artni\AppData\Roaming\npm\node_modules\expo-cli;C:\Program Files (x86)\Common Files\Oracle\Java\javapath;C:\WINDOWS\system32;C:\WINDOWS;C:\WINDOWS\System32\Wbem;C:\WINDOWS\System32\WindowsPowerShell\v1.0\;C:\WINDOWS\System32\OpenSSH\;C:\Program Files (x86)\Calibre2\;C:\Program Files\Inkscape\bin;C:\Users\artni\AppData\Roaming\nvm;C:\Program Files\nodejs;C:\Program Files\Git\cmd;C:\Users\artni\AppData\Roaming\npm;C:\Users\artni\AppData\Roaming\npm\node_modules\expo-cli;;C:\Users\USERNAME\AppData\Roaming\npm;C:\Users\artni\AppData\Local\Programs\Microsoft VS Code\bin

Yarn version: 
  1.22.17

Node version: 
  14.16.0

Platform: 
  win32 x64

Trace: 
  Error: https://registry.yarnpkg.com/rxjs/-/rxjs-7.5.2.tgz: ESOCKETTIMEDOUT
      at ClientRequest.<anonymous> (C:\Users\artni\AppData\Roaming\nvm\v14.16.0\node_modules\yarn\lib\cli.js:141510:19)
      at Object.onceWrapper (events.js:421:28)
      at ClientRequest.emit (events.js:315:20)
      at TLSSocket.emitRequestTimeout (_http_client.js:784:9)
      at Object.onceWrapper (events.js:421:28)
      at TLSSocket.emit (events.js:327:22)
      at TLSSocket.Socket._onTimeout (net.js:483:8)
      at listOnTimeout (internal/timers.js:554:17)
      at processTimers (internal/timers.js:497:7)

npm manifest: 
  {
    "name": "leva-eu-backend",
    "version": "1.0.0",
    "author": "RabbitUFC",
    "license": "MIT",
    "engines": {
      "node": "14.*"
    },
    "scripts": {
      "dev": "sls offline",
      "deploy": "yarn serverless deploy -v --aws-profile rabbit --config ./serverless.yml"
    },
    "dependencies": {
      "@hapi/joi": "^17.1.1",
      "aws-sdk": "^2.909.0",
      "bcryptjs": "^2.4.3",
      "cors": "^2.8.5",
      "dotenv": "^10.0.0",
      "express": "^4.17.2",
      "helmet": "^4.6.0",
      "http-status-codes": "^2.2.0",
      "jsonwebtoken": "^8.5.1",
      "mime": "^3.0.0",
      "mongoose": "^5.11.15",
      "mongoose-delete": "^0.5.4",
      "mongoose-unique-validator": "^3.0.0",
      "serverless-http": "^2.7.0",
      "uuid": "^8.3.2"
    },
    "devDependencies": {
      "babel-eslint": "^10.1.0",
      "eslint": "^7.25.0",
      "eslint-plugin-import": "^2.22.1",
      "husky": "^6.0.0",
      "lint-staged": "^10.5.4",
      "serverless": "^2.69.1",
      "serverless-offline": "^8.3.1",
      "serverless-webpack": "^5.6.0",
      "webpack": "^5.65.0"
    },
    "husky": {
      "hooks": {
        "pre-commit": "lint-staged --verbose"
      }
    },
    "lint-staged": {
      "./**/*.js": [
        "eslint --fix"
      ]
    }
  }

yarn manifest: 
  No manifest

Lockfile: 
  No lockfile
